<?xml version="1.0" encoding="UTF-8"?>
<!-- Generated by org.testng.reporters.JUnitXMLReporter -->
<testsuite hostname="NURU-PC" ignored="0" tests="3" failures="1" timestamp="07 Dec 2017 14:09:23 GMT" time="30.294" errors="0">
  <testcase name="passFailed" time="0.037" classname="Test">
    <failure type="java.lang.AssertionError" message="expected [true] but found [false]">
      <![CDATA[java.lang.AssertionError: expected [true] but found [false]
	at Test.passFailed(Test.java:114)
... Removed 29 stack frames]]>
    </failure>
  </testcase> <!-- passFailed -->
  <testcase name="passPassed" time="0.0" classname="Test"/>
  <testcase name="passTest" time="22.748" classname="Test"/>
</testsuite>
